[18:39:32] [main/INFO] (FabricLoader/GameProvider) Loading Minecraft 1.20.1 with Fabric Loader 0.15.2
[18:39:32] [main/INFO] (FabricLoader) Loading 65 mods:
	- ait 1.0.1-1.20.1
	- ait-extras 1.0
	- cardinal-components-base 5.2.2
	- cardinal-components-block 5.2.2
	- cardinal-components-entity 5.2.2
	- cardinal-components-item 5.2.2
	- cardinal-components-level 5.2.2
	- cardinal-components-world 5.2.2
	- fabric-api 0.91.0+1.20.1
	- fabric-api-base 0.4.30+7abfd51577
	- fabric-api-lookup-api-v1 1.6.35+4d8536c977
	- fabric-biome-api-v1 13.0.12+215bbe9677
	- fabric-block-api-v1 1.0.10+92a0d36777
	- fabric-block-view-api-v2 1.0.0+92a0d36777
	- fabric-blockrenderlayer-v1 1.1.40+b3afc78b77
	- fabric-client-tags-api-v1 1.1.1+97bb207577
	- fabric-command-api-v1 1.2.33+f71b366f77
	- fabric-command-api-v2 2.2.12+b3afc78b77
	- fabric-commands-v0 0.2.50+df3654b377
	- fabric-containers-v0 0.1.63+df3654b377
	- fabric-content-registries-v0 4.0.10+57aed33f77
	- fabric-convention-tags-v1 1.5.4+a1a980da77
	- fabric-crash-report-info-v1 0.2.18+aeb40ebe77
	- fabric-data-generation-api-v1 12.3.3+d7b148e077
	- fabric-dimensions-v1 2.1.53+8536527b77
	- fabric-entity-events-v1 1.5.22+b3afc78b77
	- fabric-events-interaction-v0 0.6.1+e91849a877
	- fabric-events-lifecycle-v0 0.2.62+df3654b377
	- fabric-game-rule-api-v1 1.0.39+ae9f657a77
	- fabric-gametest-api-v1 1.2.12+b3afc78b77
	- fabric-item-api-v1 2.1.27+b3afc78b77
	- fabric-item-group-api-v1 4.0.11+d7b148e077
	- fabric-key-binding-api-v1 1.0.36+fb8d95da77
	- fabric-keybindings-v0 0.2.34+df3654b377
	- fabric-lifecycle-events-v1 2.2.21+b3afc78b77
	- fabric-loot-api-v2 1.2.0+96dfa95977
	- fabric-loot-tables-v1 1.1.44+9e7660c677
	- fabric-message-api-v1 5.1.8+d7b148e077
	- fabric-mining-level-api-v1 2.1.49+b3afc78b77
	- fabric-model-loading-api-v1 1.0.2+709a987177
	- fabric-models-v0 0.4.1+9386d8a777
	- fabric-networking-api-v1 1.3.10+eeb8eb3677
	- fabric-networking-v0 0.3.50+df3654b377
	- fabric-object-builder-api-v1 11.1.2+4ee0bc6077
	- fabric-particles-v1 1.1.1+201a23a077
	- fabric-recipe-api-v1 1.0.20+b3afc78b77
	- fabric-registry-sync-v0 2.3.2+4df89eb277
	- fabric-renderer-api-v1 3.2.0+39a511ba77
	- fabric-renderer-indigo 1.5.0+39a511ba77
	- fabric-renderer-registries-v1 3.2.45+df3654b377
	- fabric-rendering-data-attachment-v1 0.3.36+92a0d36777
	- fabric-rendering-fluids-v1 3.0.27+b3afc78b77
	- fabric-rendering-v0 1.1.48+df3654b377
	- fabric-rendering-v1 3.0.7+b3afc78b77
	- fabric-resource-conditions-api-v1 2.3.7+29de845d77
	- fabric-resource-loader-v0 0.11.9+132c48c177
	- fabric-screen-api-v1 2.0.7+b3afc78b77
	- fabric-screen-handler-api-v1 1.3.29+b3afc78b77
	- fabric-sound-api-v1 1.0.12+b3afc78b77
	- fabric-transfer-api-v1 3.3.3+c81d263177
	- fabric-transitive-access-wideners-v1 4.3.0+6c31357e77
	- fabricloader 0.15.2
	- java 17
	- minecraft 1.20.1
	- owo 0.11.1+1.20
[18:39:33] [main/INFO] (FabricLoader/Mixin) SpongePowered MIXIN Subsystem Version=0.8.5 Source=file:/C:/Users/james/.gradle/caches/modules-2/files-2.1/net.fabricmc/sponge-mixin/0.12.5+mixin.0.8.5/8d31fb97c3e0cd7c8dad3441851c523bcfae6d8e/sponge-mixin-0.12.5+mixin.0.8.5.jar Service=Knot/Fabric Env=CLIENT
[18:39:33] [main/INFO] (FabricLoader/Mixin) Loaded Fabric development mappings for mixin remapper!
[18:39:33] [main/INFO] (FabricLoader/Mixin) Compatibility level set to JAVA_16
[18:39:33] [main/INFO] (FabricLoader/Mixin) Compatibility level set to JAVA_17
[18:39:34] [main/WARN] (FabricLoader/Mixin) Error loading class: fr/catcore/server/translations/api/resource/language/SystemDelegatedLanguage (java.lang.ClassNotFoundException: fr/catcore/server/translations/api/resource/language/SystemDelegatedLanguage)
[18:39:34] [main/WARN] (FabricLoader/Mixin) Error loading class: org/jetbrains/annotations/ApiStatus$Internal (java.lang.ClassNotFoundException: org/jetbrains/annotations/ApiStatus$Internal)
[18:39:41] [Datafixer Bootstrap/INFO] (Minecraft) 188 Datafixer optimizations took 199 milliseconds
[18:39:45] [Render thread/WARN] (FabricLoader/Mixin) Error loading class: org/quiltmc/loader/impl/game/minecraft/Hooks (java.lang.ClassNotFoundException: org/quiltmc/loader/impl/game/minecraft/Hooks)
[18:39:45] [Render thread/INFO] (Minecraft) Environment: authHost='https://authserver.mojang.com', accountsHost='https://api.mojang.com', sessionHost='https://sessionserver.mojang.com', servicesHost='https://api.minecraftservices.com', name='PROD'
[18:39:46] [Render thread/ERROR] (Minecraft) Failed to verify authentication
com.mojang.authlib.exceptions.InvalidCredentialsException: Status: 401
	at com.mojang.authlib.exceptions.MinecraftClientHttpException.toAuthenticationException(MinecraftClientHttpException.java:56) ~[authlib-4.0.43.jar:?]
	at com.mojang.authlib.yggdrasil.YggdrasilUserApiService.fetchProperties(YggdrasilUserApiService.java:156) ~[authlib-4.0.43.jar:?]
	at com.mojang.authlib.yggdrasil.YggdrasilUserApiService.<init>(YggdrasilUserApiService.java:55) ~[authlib-4.0.43.jar:?]
	at com.mojang.authlib.yggdrasil.YggdrasilAuthenticationService.createUserApiService(YggdrasilAuthenticationService.java:124) ~[authlib-4.0.43.jar:?]
	at net.minecraft.client.MinecraftClient.createUserApiService(MinecraftClient.java:733) ~[minecraft-project-@-merged-named.jar:?]
	at net.minecraft.client.MinecraftClient.<init>(MinecraftClient.java:442) ~[minecraft-project-@-merged-named.jar:?]
	at net.minecraft.client.main.Main.main(Main.java:211) ~[minecraft-project-@-merged-named.jar:?]
	at net.fabricmc.loader.impl.game.minecraft.MinecraftGameProvider.launch(MinecraftGameProvider.java:470) ~[fabric-loader-0.15.2.jar:?]
	at net.fabricmc.loader.impl.launch.knot.Knot.launch(Knot.java:74) ~[fabric-loader-0.15.2.jar:?]
	at net.fabricmc.loader.impl.launch.knot.KnotClient.main(KnotClient.java:23) ~[fabric-loader-0.15.2.jar:?]
	at net.fabricmc.devlaunchinjector.Main.main(Main.java:86) ~[dev-launch-injector-0.2.1+build.8.jar:?]
Caused by: com.mojang.authlib.exceptions.MinecraftClientHttpException: Status: 401
	at com.mojang.authlib.minecraft.client.MinecraftClient.readInputStream(MinecraftClient.java:85) ~[authlib-4.0.43.jar:?]
	at com.mojang.authlib.minecraft.client.MinecraftClient.get(MinecraftClient.java:48) ~[authlib-4.0.43.jar:?]
	at com.mojang.authlib.yggdrasil.YggdrasilUserApiService.fetchProperties(YggdrasilUserApiService.java:129) ~[authlib-4.0.43.jar:?]
	... 9 more
[18:39:46] [Render thread/INFO] (Minecraft) Setting user: Player192
[18:39:46] [Render thread/INFO] (owo) chyz: bro, can you stop breathing
[18:39:47] [Render thread/INFO] (Indigo) [Indigo] Registering Indigo renderer!
[18:39:47] [Render thread/INFO] (owo) Services frozen by 'net.minecraft.client.MinecraftClient'
[18:39:48] [Render thread/INFO] (Minecraft) Backend library: LWJGL version 3.3.1 SNAPSHOT
[18:39:50] [Render thread/INFO] (Minecraft) Reloading ResourceManager: vanilla, fabric (cardinal-components-world, fabric-containers-v0, fabric-sound-api-v1, fabric-screen-handler-api-v1, fabric-commands-v0, fabric-message-api-v1, fabric-rendering-v1, fabric-block-view-api-v2, fabricloader, fabric-model-loading-api-v1, cardinal-components-level, fabric-rendering-fluids-v1, fabric-rendering-v0, fabric-networking-v0, fabric-crash-report-info-v1, fabric-renderer-registries-v1, fabric-api-base, fabric-resource-conditions-api-v1, fabric-networking-api-v1, fabric-events-interaction-v0, fabric-api-lookup-api-v1, fabric-client-tags-api-v1, fabric-biome-api-v1, fabric-mining-level-api-v1, fabric-entity-events-v1, fabric-gametest-api-v1, fabric-content-registries-v0, fabric-block-api-v1, fabric-object-builder-api-v1, fabric-loot-tables-v1, fabric-particles-v1, fabric-recipe-api-v1, fabric-renderer-indigo, cardinal-components-block, fabric-key-binding-api-v1, fabric-data-generation-api-v1, fabric-api, fabric-command-api-v1, fabric-item-group-api-v1, owo, fabric-game-rule-api-v1, cardinal-components-base, fabric-keybindings-v0, ait, fabric-transfer-api-v1, cardinal-components-item, fabric-item-api-v1, fabric-rendering-data-attachment-v1, fabric-command-api-v2, cardinal-components-entity, fabric-convention-tags-v1, fabric-models-v0, fabric-renderer-api-v1, fabric-blockrenderlayer-v1, fabric-loot-api-v2, fabric-dimensions-v1, fabric-screen-api-v1, fabric-events-lifecycle-v0, fabric-lifecycle-events-v1, fabric-resource-loader-v0, fabric-registry-sync-v0, fabric-transitive-access-wideners-v1)
[18:39:50] [Worker-Main-1/INFO] (Minecraft) Found unifont_all_no_pua-15.0.06.hex, loading
[18:39:52] [Worker-Main-11/WARN] (Minecraft) Unable to load model: 'ait:item/sonic_predicates/mechanical_interaction_pulsing' referenced from: ait:mechanical#inventory: java.io.FileNotFoundException: ait:models/item/sonic_predicates/mechanical_interaction_pulsing.json
[18:39:53] [Render thread/WARN] (Minecraft) Missing sound for event: minecraft:item.goat_horn.play
[18:39:53] [Render thread/WARN] (Minecraft) Missing sound for event: minecraft:entity.goat.screaming.horn_break
[18:39:53] [Render thread/WARN] (Minecraft) Missing sound for event: ait:hop_demat
[18:39:53] [Render thread/WARN] (Minecraft) Missing sound for event: ait:hop_mat
[18:39:53] [Render thread/WARN] (Minecraft) Missing sound for event: ait:emerg_mat
[18:39:53] [Render thread/WARN] (Minecraft) Missing sound for event: ait:handbrake_lever_pull
[18:39:53] [Render thread/INFO] (Minecraft) OpenAL initialized on device OpenAL Soft on Speakers (Razer Kraken V3)
[18:39:53] [Render thread/INFO] (Minecraft) Sound engine started
[18:39:53] [Render thread/INFO] (Minecraft) Created: 1024x512x4 minecraft:textures/atlas/blocks.png-atlas
[18:39:53] [Render thread/INFO] (Minecraft) Created: 256x256x4 minecraft:textures/atlas/signs.png-atlas
[18:39:53] [Render thread/INFO] (Minecraft) Created: 512x512x4 minecraft:textures/atlas/shield_patterns.png-atlas
[18:39:53] [Render thread/INFO] (Minecraft) Created: 512x512x4 minecraft:textures/atlas/banner_patterns.png-atlas
[18:39:53] [Render thread/INFO] (Minecraft) Created: 1024x1024x4 minecraft:textures/atlas/armor_trims.png-atlas
[18:39:53] [Render thread/INFO] (Minecraft) Created: 128x64x4 minecraft:textures/atlas/decorated_pot.png-atlas
[18:39:53] [Render thread/INFO] (Minecraft) Created: 256x256x4 minecraft:textures/atlas/chest.png-atlas
[18:39:53] [Render thread/INFO] (Minecraft) Created: 512x256x4 minecraft:textures/atlas/beds.png-atlas
[18:39:53] [Render thread/INFO] (Minecraft) Created: 512x256x4 minecraft:textures/atlas/shulker_boxes.png-atlas
[18:39:53] [Render thread/WARN] (Minecraft) Shader rendertype_entity_translucent_emissive could not find sampler named Sampler2 in the specified shader program.
[18:39:53] [Render thread/INFO] (Minecraft) Created: 256x256x0 minecraft:textures/atlas/particles.png-atlas
[18:39:53] [Render thread/INFO] (Minecraft) Created: 256x256x0 minecraft:textures/atlas/paintings.png-atlas
[18:39:53] [Render thread/INFO] (Minecraft) Created: 128x128x0 minecraft:textures/atlas/mob_effects.png-atlas
[18:39:57] [Realms Notification Availability checker #1/INFO] (Minecraft) Could not authorize you against Realms server: Invalid session id
[18:40:06] [Render thread/INFO] (Minecraft) Loaded 7 recipes
[18:40:06] [Render thread/INFO] (Minecraft) Loaded 1271 advancements
[18:40:09] [Render thread/INFO] (BiomeModificationImpl) Applied 0 biome modifications to 0 of 65 new biomes in 1.985 ms
[18:40:09] [Server thread/INFO] (Minecraft) Starting integrated minecraft server version 1.20.1
[18:40:09] [Server thread/INFO] (Minecraft) Generating keypair
[18:40:12] [Server thread/INFO] (Minecraft) Preparing start region for dimension minecraft:overworld
[18:40:13] [Render thread/INFO] (Minecraft) Preparing spawn area: 0%
[18:40:13] [Render thread/INFO] (Minecraft) Preparing spawn area: 0%
[18:40:13] [Render thread/INFO] (Minecraft) Preparing spawn area: 0%
[18:40:14] [Render thread/INFO] (Minecraft) Preparing spawn area: 0%
[18:40:14] [Render thread/INFO] (Minecraft) Preparing spawn area: 1%
[18:40:15] [Render thread/INFO] (Minecraft) Preparing spawn area: 3%
[18:40:15] [Render thread/INFO] (Minecraft) Preparing spawn area: 5%
[18:40:16] [Render thread/INFO] (Minecraft) Preparing spawn area: 7%
[18:40:16] [Render thread/INFO] (Minecraft) Preparing spawn area: 9%
[18:40:17] [Render thread/INFO] (Minecraft) Preparing spawn area: 11%
[18:40:17] [Render thread/INFO] (Minecraft) Preparing spawn area: 14%
[18:40:18] [Render thread/INFO] (Minecraft) Preparing spawn area: 16%
[18:40:18] [Render thread/INFO] (Minecraft) Preparing spawn area: 20%
[18:40:19] [Render thread/INFO] (Minecraft) Preparing spawn area: 23%
[18:40:19] [Render thread/INFO] (Minecraft) Preparing spawn area: 26%
[18:40:20] [Render thread/INFO] (Minecraft) Preparing spawn area: 30%
[18:40:20] [Render thread/INFO] (Minecraft) Preparing spawn area: 32%
[18:40:21] [Render thread/INFO] (Minecraft) Preparing spawn area: 34%
[18:40:21] [Render thread/INFO] (Minecraft) Preparing spawn area: 38%
[18:40:22] [Render thread/INFO] (Minecraft) Preparing spawn area: 42%
[18:40:22] [Render thread/INFO] (Minecraft) Preparing spawn area: 44%
[18:40:23] [Render thread/INFO] (Minecraft) Preparing spawn area: 48%
[18:40:23] [Render thread/INFO] (Minecraft) Preparing spawn area: 53%
[18:40:24] [Render thread/INFO] (Minecraft) Preparing spawn area: 56%
[18:40:24] [Render thread/INFO] (Minecraft) Preparing spawn area: 59%
[18:40:25] [Render thread/INFO] (Minecraft) Preparing spawn area: 63%
[18:40:25] [Render thread/INFO] (Minecraft) Preparing spawn area: 68%
[18:40:26] [Render thread/INFO] (Minecraft) Preparing spawn area: 71%
[18:40:26] [Render thread/INFO] (Minecraft) Preparing spawn area: 75%
[18:40:27] [Render thread/INFO] (Minecraft) Preparing spawn area: 78%
[18:40:27] [Render thread/INFO] (Minecraft) Preparing spawn area: 83%
[18:40:28] [Render thread/INFO] (Minecraft) Preparing spawn area: 86%
[18:40:28] [Render thread/INFO] (Minecraft) Preparing spawn area: 90%
[18:40:29] [Render thread/INFO] (Minecraft) Preparing spawn area: 94%
[18:40:29] [Render thread/INFO] (Minecraft) Preparing spawn area: 99%
[18:40:29] [Render thread/INFO] (Minecraft) Time elapsed: 17080 ms
[18:40:29] [Server thread/INFO] (Minecraft) Changing view distance to 12, from 10
[18:40:29] [Server thread/INFO] (Minecraft) Changing simulation distance to 12, from 0
[18:40:31] [Server thread/INFO] (Minecraft) Player192[local:E:b55ecb48] logged in with entity id 312 at (2.5, 64.0, -31.5)
[18:40:31] [Server thread/INFO] (Minecraft) Player192 joined the game
[18:40:32] [Render thread/INFO] (Minecraft) Loaded 2 advancements
[18:40:48] [Server thread/INFO] (Minecraft) [STDOUT]: CAPSULE
[18:40:48] [Server thread/WARN] (ait) Failed to load tardis with uuid C:\Users\james\IdeaProjects\ait-extras\run\saves\New World\.ait\dcc92576-5f3c-4d91-a527-f643ba85708e.json!
[18:40:48] [Server thread/WARN] (ait) Tardis file C:\Users\james\IdeaProjects\ait-extras\run\saves\New World\.ait\dcc92576-5f3c-4d91-a527-f643ba85708e.json doesn't exist!
[18:40:48] [Server thread/WARN] (ait) Door at BlockPos{x=17098, y=6, z=38068} is finding TARDIS!
[18:40:48] [Server thread/ERROR] (ait) Tardis was null in DoorBlockEntity at BlockPos{x=17098, y=6, z=38068}
[18:40:48] [Server thread/WARN] (ait) Failed to load tardis with uuid C:\Users\james\IdeaProjects\ait-extras\run\saves\New World\.ait\null.json!
[18:40:48] [Server thread/WARN] (ait) Tardis file C:\Users\james\IdeaProjects\ait-extras\run\saves\New World\.ait\null.json doesn't exist!
[18:40:48] [Server thread/WARN] (Cardinal Components API) Failed to deserialize component: unregistered key ait:interiordoornbt
[18:40:48] [Server thread/ERROR] (Minecraft) Hanging entity at invalid position: BlockPos{x=92, y=114, z=91}
[18:40:48] [Server thread/ERROR] (Minecraft) Hanging entity at invalid position: BlockPos{x=94, y=114, z=85}
[18:40:48] [Server thread/ERROR] (Minecraft) Hanging entity at invalid position: BlockPos{x=94, y=114, z=97}
[18:40:48] [Server thread/ERROR] (Minecraft) Hanging entity at invalid position: BlockPos{x=104, y=114, z=79}
[18:40:48] [Server thread/ERROR] (Minecraft) Hanging entity at invalid position: BlockPos{x=96, y=109, z=91}
[18:40:48] [Server thread/ERROR] (Minecraft) Hanging entity at invalid position: BlockPos{x=97, y=109, z=88}
[18:40:48] [Server thread/ERROR] (Minecraft) Hanging entity at invalid position: BlockPos{x=99, y=109, z=85}
[18:40:48] [Server thread/ERROR] (Minecraft) Hanging entity at invalid position: BlockPos{x=98, y=109, z=86}
[18:40:48] [Server thread/ERROR] (Minecraft) Hanging entity at invalid position: BlockPos{x=101, y=109, z=84}
[18:40:48] [Server thread/ERROR] (Minecraft) Hanging entity at invalid position: BlockPos{x=97, y=109, z=94}
[18:40:48] [Server thread/ERROR] (Minecraft) Hanging entity at invalid position: BlockPos{x=111, y=109, z=94}
[18:40:48] [Server thread/ERROR] (Minecraft) Hanging entity at invalid position: BlockPos{x=111, y=109, z=88}
[18:40:48] [Server thread/ERROR] (Minecraft) Hanging entity at invalid position: BlockPos{x=110, y=109, z=86}
[18:40:48] [Server thread/ERROR] (Minecraft) Hanging entity at invalid position: BlockPos{x=109, y=109, z=85}
[18:40:48] [Server thread/ERROR] (Minecraft) Hanging entity at invalid position: BlockPos{x=107, y=109, z=84}
[18:40:48] [Server thread/ERROR] (Minecraft) Hanging entity at invalid position: BlockPos{x=98, y=114, z=81}
[18:40:48] [Server thread/ERROR] (Minecraft) Hanging entity at invalid position: BlockPos{x=110, y=114, z=81}
[18:40:48] [Server thread/ERROR] (Minecraft) Hanging entity at invalid position: BlockPos{x=98, y=109, z=96}
[18:40:48] [Server thread/ERROR] (Minecraft) Hanging entity at invalid position: BlockPos{x=99, y=109, z=97}
[18:40:48] [Server thread/ERROR] (Minecraft) Hanging entity at invalid position: BlockPos{x=101, y=109, z=98}
[18:40:48] [Server thread/ERROR] (Minecraft) Hanging entity at invalid position: BlockPos{x=109, y=109, z=97}
[18:40:48] [Server thread/ERROR] (Minecraft) Hanging entity at invalid position: BlockPos{x=110, y=109, z=96}
[18:40:48] [Server thread/ERROR] (Minecraft) Hanging entity at invalid position: BlockPos{x=107, y=109, z=98}
[18:40:48] [Server thread/ERROR] (Minecraft) Hanging entity at invalid position: BlockPos{x=104, y=114, z=103}
[18:40:48] [Server thread/ERROR] (Minecraft) Hanging entity at invalid position: BlockPos{x=98, y=114, z=101}
[18:40:48] [Server thread/ERROR] (Minecraft) Hanging entity at invalid position: BlockPos{x=110, y=114, z=101}
[18:40:48] [Server thread/ERROR] (Minecraft) Hanging entity at invalid position: BlockPos{x=112, y=109, z=91}
[18:40:48] [Server thread/ERROR] (Minecraft) Hanging entity at invalid position: BlockPos{x=116, y=114, z=91}
[18:40:48] [Server thread/ERROR] (Minecraft) Hanging entity at invalid position: BlockPos{x=114, y=114, z=85}
[18:40:48] [Server thread/ERROR] (Minecraft) Hanging entity at invalid position: BlockPos{x=114, y=114, z=97}
[18:40:48] [Server thread/INFO] (Minecraft) [STDOUT]: ServerPlayerEntity['Player192'/312, l='ServerLevel[New World]', x=3.62, y=64.00, z=-31.53]
[18:40:48] [Server thread/INFO] (Minecraft) [STDOUT]: mdteam.ait.tardis.wrapper.server.ServerTardis@2bfa0cb4
[18:40:48] [Server thread/WARN] (ait) Failed to load tardis with uuid C:\Users\james\IdeaProjects\ait-extras\run\saves\New World\.ait\dcc92576-5f3c-4d91-a527-f643ba85708e.json!
[18:40:48] [Server thread/WARN] (ait) Tardis file C:\Users\james\IdeaProjects\ait-extras\run\saves\New World\.ait\dcc92576-5f3c-4d91-a527-f643ba85708e.json doesn't exist!
[18:40:48] [Render thread/WARN] (ait) Exterior at BlockPos{x=5, y=64, z=-29} is finding TARDIS!
[18:40:48] [Render thread/WARN] (ait) Created new ANIMATION for mdteam.ait.core.blockentities.ExteriorBlockEntity@1a4c3b7a
[18:40:49] [Server thread/INFO] (Minecraft) [STDOUT]: ServerPlayerEntity['Player192'/312, l='ServerLevel[New World]', x=3.69, y=64.00, z=-31.52]
[18:40:49] [Server thread/INFO] (Minecraft) [STDOUT]: mdteam.ait.tardis.wrapper.server.ServerTardis@2bfa0cb4
[18:40:49] [Server thread/INFO] (Minecraft) [STDOUT]: ServerPlayerEntity['Player192'/312, l='ServerLevel[New World]', x=3.69, y=64.00, z=-31.52]
[18:40:49] [Server thread/INFO] (Minecraft) [STDOUT]: mdteam.ait.tardis.wrapper.server.ServerTardis@2bfa0cb4
[18:40:49] [Server thread/INFO] (Minecraft) [STDOUT]: ServerPlayerEntity['Player192'/312, l='ServerLevel[New World]', x=3.69, y=64.00, z=-31.52]
[18:40:49] [Server thread/INFO] (Minecraft) [STDOUT]: mdteam.ait.tardis.wrapper.server.ServerTardis@2bfa0cb4
[18:40:49] [Server thread/INFO] (Minecraft) [STDOUT]: ServerPlayerEntity['Player192'/312, l='ServerLevel[New World]', x=3.69, y=64.00, z=-31.52]
[18:40:49] [Server thread/INFO] (Minecraft) [STDOUT]: mdteam.ait.tardis.wrapper.server.ServerTardis@2bfa0cb4
[18:40:49] [Server thread/INFO] (Minecraft) [STDOUT]: ServerPlayerEntity['Player192'/312, l='ServerLevel[New World]', x=3.69, y=64.00, z=-31.52]
[18:40:49] [Server thread/INFO] (Minecraft) [STDOUT]: mdteam.ait.tardis.wrapper.server.ServerTardis@2bfa0cb4
[18:40:49] [Server thread/INFO] (Minecraft) [STDOUT]: ServerPlayerEntity['Player192'/312, l='ServerLevel[New World]', x=3.91, y=64.00, z=-31.15]
[18:40:49] [Server thread/INFO] (Minecraft) [STDOUT]: mdteam.ait.tardis.wrapper.server.ServerTardis@2bfa0cb4
[18:40:49] [Server thread/INFO] (Minecraft) [STDOUT]: ServerPlayerEntity['Player192'/312, l='ServerLevel[New World]', x=3.91, y=64.00, z=-31.15]
[18:40:49] [Server thread/INFO] (Minecraft) [STDOUT]: mdteam.ait.tardis.wrapper.server.ServerTardis@2bfa0cb4
[18:40:49] [Server thread/INFO] (Minecraft) [STDOUT]: ServerPlayerEntity['Player192'/312, l='ServerLevel[New World]', x=3.91, y=64.00, z=-31.15]
[18:40:49] [Server thread/INFO] (Minecraft) [STDOUT]: mdteam.ait.tardis.wrapper.server.ServerTardis@2bfa0cb4
[18:40:49] [Server thread/INFO] (Minecraft) [STDOUT]: ServerPlayerEntity['Player192'/312, l='ServerLevel[New World]', x=3.91, y=64.00, z=-31.15]
[18:40:49] [Server thread/INFO] (Minecraft) [STDOUT]: mdteam.ait.tardis.wrapper.server.ServerTardis@2bfa0cb4
[18:40:49] [Server thread/INFO] (Minecraft) [STDOUT]: ServerPlayerEntity['Player192'/312, l='ServerLevel[New World]', x=3.91, y=64.00, z=-31.15]
[18:40:49] [Server thread/INFO] (Minecraft) [STDOUT]: mdteam.ait.tardis.wrapper.server.ServerTardis@2bfa0cb4
[18:40:49] [Server thread/INFO] (Minecraft) Saving and pausing game...
[18:40:49] [Server thread/INFO] (Minecraft) Saving chunks for level 'ServerLevel[New World]'/minecraft:overworld
[18:40:50] [Server thread/INFO] (Minecraft) Saving chunks for level 'ServerLevel[New World]'/minecraft:the_end
[18:40:50] [Server thread/INFO] (Minecraft) Saving chunks for level 'ServerLevel[New World]'/ait:tardis_dimension
[18:40:50] [Server thread/INFO] (Minecraft) Saving chunks for level 'ServerLevel[New World]'/minecraft:the_nether
[18:40:50] [Server thread/WARN] (ait) Door at BlockPos{x=17098, y=6, z=38068} is finding TARDIS!
[18:40:50] [Server thread/INFO] (Minecraft) [STDOUT]: ServerPlayerEntity['Player192'/312, l='ServerLevel[New World]', x=17098.50, y=6.50, z=38067.50]
[18:40:50] [Server thread/INFO] (Minecraft) [STDOUT]: mdteam.ait.tardis.wrapper.server.ServerTardis@2bfa0cb4
[18:40:50] [Server thread/INFO] (Minecraft) [STDOUT]: ServerPlayerEntity['Player192'/312, l='ServerLevel[New World]', x=17098.50, y=6.50, z=38067.50]
[18:40:50] [Server thread/INFO] (Minecraft) [STDOUT]: mdteam.ait.tardis.wrapper.server.ServerTardis@2bfa0cb4
[18:40:50] [Server thread/INFO] (Minecraft) [STDOUT]: ServerPlayerEntity['Player192'/312, l='ServerLevel[New World]', x=17098.50, y=6.50, z=38067.50]
[18:40:50] [Server thread/INFO] (Minecraft) [STDOUT]: mdteam.ait.tardis.wrapper.server.ServerTardis@2bfa0cb4
[18:40:50] [Render thread/WARN] (ait) Door at BlockPos{x=17098, y=6, z=38068} is finding TARDIS!
[18:40:50] [Render thread/INFO] (Minecraft) [STDOUT]: ServerPlayerEntity['Player192'/312, l='ServerLevel[New World]', x=17098.50, y=6.04, z=38067.50]
[18:40:50] [Render thread/INFO] (Minecraft) [STDOUT]: mdteam.ait.tardis.wrapper.server.ServerTardis@2bfa0cb4
[18:40:50] [Render thread/INFO] (Minecraft) [STDOUT]: ServerPlayerEntity['Player192'/312, l='ServerLevel[New World]', x=17098.50, y=6.04, z=38067.50]
[18:40:50] [Render thread/INFO] (Minecraft) [STDOUT]: mdteam.ait.tardis.wrapper.server.ServerTardis@2bfa0cb4
[18:40:51] [Server thread/WARN] (ait) Created new ANIMATION for mdteam.ait.core.blockentities.ExteriorBlockEntity@dd92881
[18:40:51] [Server thread/INFO] (Minecraft) Saving and pausing game...
[18:40:51] [Server thread/INFO] (Minecraft) Saving chunks for level 'ServerLevel[New World]'/minecraft:overworld
[18:40:51] [Server thread/INFO] (Minecraft) Saving chunks for level 'ServerLevel[New World]'/minecraft:the_end
[18:40:51] [Server thread/INFO] (Minecraft) Saving chunks for level 'ServerLevel[New World]'/ait:tardis_dimension
[18:40:51] [Server thread/INFO] (Minecraft) Saving chunks for level 'ServerLevel[New World]'/minecraft:the_nether
[18:40:51] [Server thread/INFO] (Minecraft) Player192 lost connection: Disconnected
[18:40:51] [Server thread/INFO] (Minecraft) Player192 left the game
[18:40:52] [Server thread/INFO] (Minecraft) Stopping singleplayer server as player logged out
[18:40:52] [Server thread/INFO] (Minecraft) Stopping server
[18:40:52] [Server thread/INFO] (Minecraft) Saving players
[18:40:52] [Server thread/INFO] (Minecraft) Saving worlds
[18:40:53] [Server thread/INFO] (Minecraft) Saving chunks for level 'ServerLevel[New World]'/minecraft:overworld
[18:40:53] [Server thread/INFO] (Minecraft) Saving chunks for level 'ServerLevel[New World]'/minecraft:the_end
[18:40:53] [Server thread/INFO] (Minecraft) Saving chunks for level 'ServerLevel[New World]'/ait:tardis_dimension
[18:40:53] [Server thread/INFO] (Minecraft) Saving chunks for level 'ServerLevel[New World]'/minecraft:the_nether
[18:40:53] [Server thread/INFO] (Minecraft) ThreadedAnvilChunkStorage (New World): All chunks are saved
[18:40:53] [Server thread/INFO] (Minecraft) ThreadedAnvilChunkStorage (DIM1): All chunks are saved
[18:40:53] [Server thread/INFO] (Minecraft) ThreadedAnvilChunkStorage (tardis_dimension): All chunks are saved
[18:40:53] [Server thread/INFO] (Minecraft) ThreadedAnvilChunkStorage (DIM-1): All chunks are saved
[18:40:53] [Server thread/INFO] (Minecraft) ThreadedAnvilChunkStorage: All dimensions are saved
[18:40:54] [Render thread/INFO] (Minecraft) Stopping!
